<?xml version="1.0" encoding="UTF-8"?>
<testng-results ignored="0" total="2" passed="2" failed="0" skipped="0">
  <reporter-output>
  </reporter-output>
  <suite started-at="2025-09-16T18:05:50 IST" name="Master Suite" finished-at="2025-09-16T18:06:08 IST" duration-ms="17339">
    <groups>
      <group name="Master">
        <method signature="TC001_AccountRegistration.testcase_AccountRegistration()[pri:0, instance:testCases.TC001_AccountRegistration@158d2680]" name="testcase_AccountRegistration" class="testCases.TC001_AccountRegistration"/>
        <method signature="TC002_AccountLogin.testcase_AccountLogin()[pri:0, instance:testCases.TC002_AccountLogin@5c33f1a9]" name="testcase_AccountLogin" class="testCases.TC002_AccountLogin"/>
      </group> <!-- Master -->
      <group name="Sanity">
        <method signature="TC002_AccountLogin.testcase_AccountLogin()[pri:0, instance:testCases.TC002_AccountLogin@5c33f1a9]" name="testcase_AccountLogin" class="testCases.TC002_AccountLogin"/>
      </group> <!-- Sanity -->
      <group name="Regression">
        <method signature="TC001_AccountRegistration.testcase_AccountRegistration()[pri:0, instance:testCases.TC001_AccountRegistration@158d2680]" name="testcase_AccountRegistration" class="testCases.TC001_AccountRegistration"/>
      </group> <!-- Regression -->
    </groups>
    <test started-at="2025-09-16T18:05:50 IST" name="Test" finished-at="2025-09-16T18:06:08 IST" duration-ms="17339">
      <class name="testCases.TC001_AccountRegistration">
        <test-method is-config="true" signature="setup(java.lang.String,java.lang.String)[pri:0, instance:testCases.TC001_AccountRegistration@158d2680]" started-at="2025-09-16T18:05:50 IST" name="setup" finished-at="2025-09-16T18:05:58 IST" duration-ms="7231" status="PASS">
          <params>
            <param index="0">
              <value>
                <![CDATA[windows]]>
              </value>
            </param>
            <param index="1">
              <value>
                <![CDATA[chrome]]>
              </value>
            </param>
          </params>
          <reporter-output>
          </reporter-output>
        </test-method> <!-- setup -->
        <test-method signature="testcase_AccountRegistration()[pri:0, instance:testCases.TC001_AccountRegistration@158d2680]" started-at="2025-09-16T18:05:58 IST" name="testcase_AccountRegistration" finished-at="2025-09-16T18:06:02 IST" duration-ms="4146" status="PASS">
          <reporter-output>
          </reporter-output>
        </test-method> <!-- testcase_AccountRegistration -->
        <test-method is-config="true" signature="teadDown()[pri:0, instance:testCases.TC001_AccountRegistration@158d2680]" started-at="2025-09-16T18:06:02 IST" name="teadDown" finished-at="2025-09-16T18:06:02 IST" duration-ms="192" status="PASS">
          <reporter-output>
          </reporter-output>
        </test-method> <!-- teadDown -->
      </class> <!-- testCases.TC001_AccountRegistration -->
      <class name="testCases.TC002_AccountLogin">
        <test-method is-config="true" signature="setup(java.lang.String,java.lang.String)[pri:0, instance:testCases.TC002_AccountLogin@5c33f1a9]" started-at="2025-09-16T18:06:02 IST" name="setup" finished-at="2025-09-16T18:06:05 IST" duration-ms="2704" status="PASS">
          <params>
            <param index="0">
              <value>
                <![CDATA[windows]]>
              </value>
            </param>
            <param index="1">
              <value>
                <![CDATA[chrome]]>
              </value>
            </param>
          </params>
          <reporter-output>
          </reporter-output>
        </test-method> <!-- setup -->
        <test-method signature="testcase_AccountLogin()[pri:0, instance:testCases.TC002_AccountLogin@5c33f1a9]" started-at="2025-09-16T18:06:05 IST" name="testcase_AccountLogin" finished-at="2025-09-16T18:06:07 IST" duration-ms="2608" status="PASS">
          <reporter-output>
          </reporter-output>
        </test-method> <!-- testcase_AccountLogin -->
        <test-method is-config="true" signature="teadDown()[pri:0, instance:testCases.TC002_AccountLogin@5c33f1a9]" started-at="2025-09-16T18:06:07 IST" name="teadDown" finished-at="2025-09-16T18:06:08 IST" duration-ms="180" status="PASS">
          <reporter-output>
          </reporter-output>
        </test-method> <!-- teadDown -->
      </class> <!-- testCases.TC002_AccountLogin -->
    </test> <!-- Test -->
  </suite> <!-- Master Suite -->
</testng-results>
